<?xml version="1.0" encoding="UTF-8"?>
<testsuite name="com.appdoctor.network.okhttp.AppDoctorNetworkInterceptorTest" tests="3" skipped="0" failures="0" errors="0" timestamp="2026-07-19T04:40:18.314Z" hostname="MacBook-Air.local" time="0.481">
  <properties/>
  <testcase name="respects max body capture bytes" classname="com.appdoctor.network.okhttp.AppDoctorNetworkInterceptorTest" time="0.469"/>
  <testcase name="captures failures" classname="com.appdoctor.network.okhttp.AppDoctorNetworkInterceptorTest" time="0.003"/>
  <testcase name="captures request and response details" classname="com.appdoctor.network.okhttp.AppDoctorNetworkInterceptorTest" time="0.009"/>
  <system-out><![CDATA[]]></system-out>
  <system-err><![CDATA[]]></system-err>
</testsuite>
