<?xml version="1.0" encoding="UTF-8"?>
<testsuite name="com.appdoctor.network.repository.InMemoryNetworkRequestRepositoryTest" tests="2" skipped="0" failures="0" errors="0" timestamp="2026-07-19T07:28:50.939Z" hostname="Mac.lan" time="0.159">
  <properties/>
  <testcase name="keeps only latest max requests" classname="com.appdoctor.network.repository.InMemoryNetworkRequestRepositoryTest" time="0.004"/>
  <testcase name="supports concurrent writers safely" classname="com.appdoctor.network.repository.InMemoryNetworkRequestRepositoryTest" time="0.154"/>
  <system-out><![CDATA[]]></system-out>
  <system-err><![CDATA[]]></system-err>
</testsuite>
