<?xml version="1.0" encoding="UTF-8"?>
<testsuite name="com.appdoctor.network.repository.InMemoryNetworkRequestRepositoryTest" tests="2" skipped="0" failures="0" errors="0" timestamp="2026-07-19T04:40:18.797Z" hostname="MacBook-Air.local" time="0.258">
  <properties/>
  <testcase name="keeps only latest max requests" classname="com.appdoctor.network.repository.InMemoryNetworkRequestRepositoryTest" time="0.005"/>
  <testcase name="supports concurrent writers safely" classname="com.appdoctor.network.repository.InMemoryNetworkRequestRepositoryTest" time="0.253"/>
  <system-out><![CDATA[]]></system-out>
  <system-err><![CDATA[]]></system-err>
</testsuite>
