<?xml version="1.0" encoding="UTF-8"?>
<testsuite name="com.appdoctor.database.internal.sqlite.AppDoctorSupportSQLiteStatementTest" tests="5" skipped="0" failures="0" errors="0" timestamp="2026-07-19T07:28:49.477Z" hostname="Mac.lan" time="0.012">
  <properties/>
  <testcase name="tags statements with the open transaction id" classname="com.appdoctor.database.internal.sqlite.AppDoctorSupportSQLiteStatementTest" time="0.008"/>
  <testcase name="does not record when recorder is idle" classname="com.appdoctor.database.internal.sqlite.AppDoctorSupportSQLiteStatementTest" time="0.0"/>
  <testcase name="executeUpdateDelete records UPDATE with rows affected" classname="com.appdoctor.database.internal.sqlite.AppDoctorSupportSQLiteStatementTest" time="0.001"/>
  <testcase name="executeInsert records INSERT with one row affected" classname="com.appdoctor.database.internal.sqlite.AppDoctorSupportSQLiteStatementTest" time="0.0"/>
  <testcase name="failure is recorded and rethrown" classname="com.appdoctor.database.internal.sqlite.AppDoctorSupportSQLiteStatementTest" time="0.002"/>
  <system-out><![CDATA[]]></system-out>
  <system-err><![CDATA[]]></system-err>
</testsuite>
