<?xml version="1.0" encoding="UTF-8"?>
<testsuite name="com.appdoctor.database.model.QueryTypeTest" tests="2" skipped="0" failures="0" errors="0" timestamp="2026-07-18T19:36:13.045Z" hostname="Mac.lan" time="0.003">
  <properties/>
  <testcase name="read write flags" classname="com.appdoctor.database.model.QueryTypeTest" time="0.001"/>
  <testcase name="classifies leading keyword" classname="com.appdoctor.database.model.QueryTypeTest" time="0.001"/>
  <system-out><![CDATA[]]></system-out>
  <system-err><![CDATA[]]></system-err>
</testsuite>
