<?xml version="1.0" encoding="UTF-8"?>
<testsuite name="com.appdoctor.database.internal.SqlFormatterTest" tests="3" skipped="0" failures="0" errors="0" timestamp="2026-07-18T19:36:12.736Z" hostname="Mac.lan" time="0.063">
  <properties/>
  <testcase name="format breaks major clauses onto new lines" classname="com.appdoctor.database.internal.SqlFormatterTest" time="0.06"/>
  <testcase name="normalize collapses whitespace" classname="com.appdoctor.database.internal.SqlFormatterTest" time="0.001"/>
  <testcase name="collapse truncates long sql with ellipsis" classname="com.appdoctor.database.internal.SqlFormatterTest" time="0.001"/>
  <system-out><![CDATA[]]></system-out>
  <system-err><![CDATA[]]></system-err>
</testsuite>
