<?xml version="1.0" encoding="UTF-8"?>
<testsuite name="com.appdoctor.database.recorder.DefaultDatabaseQueryRecorderTest" tests="3" skipped="0" failures="0" errors="0" timestamp="2026-07-18T19:36:13.052Z" hostname="Mac.lan" time="0.057">
  <properties/>
  <testcase name="records when enabled and assigns increasing ids" classname="com.appdoctor.database.recorder.DefaultDatabaseQueryRecorderTest" time="0.009"/>
  <testcase name="does not record when disabled" classname="com.appdoctor.database.recorder.DefaultDatabaseQueryRecorderTest" time="0.002"/>
  <testcase name="concurrent recording stays bounded and unique" classname="com.appdoctor.database.recorder.DefaultDatabaseQueryRecorderTest" time="0.045"/>
  <system-out><![CDATA[]]></system-out>
  <system-err><![CDATA[]]></system-err>
</testsuite>
