<?xml version="1.0" encoding="UTF-8"?>
<testsuite name="com.appdoctor.database.model.QueryTypeTest" tests="2" skipped="0" failures="0" errors="0" timestamp="2026-07-19T04:40:18.503Z" hostname="MacBook-Air.local" time="0.001">
  <properties/>
  <testcase name="read write flags" classname="com.appdoctor.database.model.QueryTypeTest" time="0.0"/>
  <testcase name="classifies leading keyword" classname="com.appdoctor.database.model.QueryTypeTest" time="0.0"/>
  <system-out><![CDATA[]]></system-out>
  <system-err><![CDATA[]]></system-err>
</testsuite>
