<?xml version="1.0" encoding="UTF-8"?>
<testsuite name="com.appdoctor.database.analytics.DatabaseAnalyticsComputerTest" tests="2" skipped="0" failures="0" errors="0" timestamp="2026-07-19T07:13:47.580Z" hostname="Mac.lan" time="0.098">
  <properties/>
  <testcase name="aggregates durations types transactions and rankings" classname="com.appdoctor.database.analytics.DatabaseAnalyticsComputerTest" time="0.088"/>
  <testcase name="empty input yields empty analytics" classname="com.appdoctor.database.analytics.DatabaseAnalyticsComputerTest" time="0.0"/>
  <system-out><![CDATA[]]></system-out>
  <system-err><![CDATA[]]></system-err>
</testsuite>
