<?xml version="1.0" encoding="UTF-8"?>
<testsuite name="com.appdoctor.database.internal.SqlFormatterTest" tests="3" skipped="0" failures="0" errors="0" timestamp="2026-07-19T07:28:49.358Z" hostname="Mac.lan" time="0.112">
  <properties/>
  <testcase name="format breaks major clauses onto new lines" classname="com.appdoctor.database.internal.SqlFormatterTest" time="0.109"/>
  <testcase name="normalize collapses whitespace" classname="com.appdoctor.database.internal.SqlFormatterTest" time="0.001"/>
  <testcase name="collapse truncates long sql with ellipsis" classname="com.appdoctor.database.internal.SqlFormatterTest" time="0.002"/>
  <system-out><![CDATA[]]></system-out>
  <system-err><![CDATA[]]></system-err>
</testsuite>
