<?xml version="1.0" encoding="UTF-8"?>
<testsuite name="com.appdoctor.diagnostics.engine.ConfidenceCalculatorTest" tests="2" skipped="0" failures="0" errors="0" timestamp="2026-07-19T04:40:17.263Z" hostname="MacBook-Air.local" time="0.01">
  <properties/>
  <testcase name="returns zero when evidence missing" classname="com.appdoctor.diagnostics.engine.ConfidenceCalculatorTest" time="0.002"/>
  <testcase name="increases with more support and consistency" classname="com.appdoctor.diagnostics.engine.ConfidenceCalculatorTest" time="0.002"/>
  <system-out><![CDATA[]]></system-out>
  <system-err><![CDATA[]]></system-err>
</testsuite>
