<?xml version="1.0" encoding="UTF-8"?>
<testsuite name="com.appdoctor.diagnostics.engine.rules.RuleTests" tests="3" skipped="0" failures="0" errors="0" timestamp="2026-07-19T05:47:49.889Z" hostname="Mac.lan" time="0.006">
  <properties/>
  <testcase name="cross rule triggers when fps and database are both bad" classname="com.appdoctor.diagnostics.engine.rules.RuleTests" time="0.004"/>
  <testcase name="network failure rule ignores healthy samples" classname="com.appdoctor.diagnostics.engine.rules.RuleTests" time="0.0"/>
  <testcase name="sustained memory rule triggers on persistent pressure" classname="com.appdoctor.diagnostics.engine.rules.RuleTests" time="0.001"/>
  <system-out><![CDATA[]]></system-out>
  <system-err><![CDATA[]]></system-err>
</testsuite>
