<?xml version="1.0" encoding="UTF-8"?>
<testsuite name="com.appdoctor.diagnostics.engine.IssueRepositoryTest" tests="2" skipped="0" failures="0" errors="0" timestamp="2026-07-19T07:13:25.361Z" hostname="Mac.lan" time="0.003">
  <properties/>
  <testcase name="open resolve and ignore lifecycle works" classname="com.appdoctor.diagnostics.engine.IssueRepositoryTest" time="0.001"/>
  <testcase name="history is bounded" classname="com.appdoctor.diagnostics.engine.IssueRepositoryTest" time="0.002"/>
  <system-out><![CDATA[]]></system-out>
  <system-err><![CDATA[]]></system-err>
</testsuite>
