<?xml version="1.0" encoding="UTF-8"?>
<testsuite name="com.appdoctor.diagnostics.engine.HealthEngineTest" tests="2" skipped="0" failures="0" errors="0" timestamp="2026-07-19T04:40:17.556Z" hostname="MacBook-Air.local" time="0.001">
  <properties/>
  <testcase name="problematic metrics lower score" classname="com.appdoctor.diagnostics.engine.HealthEngineTest" time="0.0"/>
  <testcase name="healthy metrics keep high score" classname="com.appdoctor.diagnostics.engine.HealthEngineTest" time="0.0"/>
  <system-out><![CDATA[]]></system-out>
  <system-err><![CDATA[]]></system-err>
</testsuite>
