<?xml version="1.0" encoding="UTF-8"?>
<testsuite name="com.appdoctor.diagnostics.engine.DiagnosticsEngineConcurrencyTest" tests="1" skipped="0" failures="0" errors="0" timestamp="2026-07-19T04:40:17.275Z" hostname="MacBook-Air.local" time="0.28">
  <properties/>
  <testcase name="analysis runs asynchronously without collector coupling" classname="com.appdoctor.diagnostics.engine.DiagnosticsEngineConcurrencyTest" time="0.28"/>
  <system-out><![CDATA[]]></system-out>
  <system-err><![CDATA[]]></system-err>
</testsuite>
