<?xml version="1.0" encoding="UTF-8"?>
<testsuite name="com.appdoctor.diagnostics.engine.ConfidenceCalculatorTest" tests="2" skipped="0" failures="0" errors="0" timestamp="2026-07-19T07:13:25.077Z" hostname="Mac.lan" time="0.014">
  <properties/>
  <testcase name="returns zero when evidence missing" classname="com.appdoctor.diagnostics.engine.ConfidenceCalculatorTest" time="0.003"/>
  <testcase name="increases with more support and consistency" classname="com.appdoctor.diagnostics.engine.ConfidenceCalculatorTest" time="0.003"/>
  <system-out><![CDATA[]]></system-out>
  <system-err><![CDATA[]]></system-err>
</testsuite>
