<?xml version="1.0" encoding="UTF-8"?>
<testsuite name="com.appdoctor.timeline.engine.TimelineRepositoryTest" tests="2" skipped="0" failures="0" errors="0" timestamp="2026-07-19T04:40:02.080Z" hostname="MacBook-Air.local" time="0.002">
  <properties/>
  <testcase name="repository is bounded and ordered newest first" classname="com.appdoctor.timeline.engine.TimelineRepositoryTest" time="0.001"/>
  <testcase name="filters and search work" classname="com.appdoctor.timeline.engine.TimelineRepositoryTest" time="0.001"/>
  <system-out><![CDATA[]]></system-out>
  <system-err><![CDATA[]]></system-err>
</testsuite>
