<?xml version="1.0" encoding="UTF-8"?>
<testsuite name="com.appdoctor.timeline.engine.TimelineExporterTest" tests="2" skipped="0" failures="0" errors="0" timestamp="2026-07-19T07:13:28.304Z" hostname="Mac.lan" time="0.027">
  <properties/>
  <testcase name="exports ordered json" classname="com.appdoctor.timeline.engine.TimelineExporterTest" time="0.002"/>
  <testcase name="exports markdown with metadata" classname="com.appdoctor.timeline.engine.TimelineExporterTest" time="0.024"/>
  <system-out><![CDATA[]]></system-out>
  <system-err><![CDATA[]]></system-err>
</testsuite>
